<?xml version="1.0" encoding="UTF-8"?>
<testsuite name="RationalTest" tests="7" skipped="0" failures="0" errors="0" timestamp="2024-09-09T04:22:54" hostname="SARTTRA001" time="0.003">
  <properties/>
  <testcase name="testAdd" classname="RationalTest" time="0.002"/>
  <testcase name="testSubtract" classname="RationalTest" time="0.0"/>
  <testcase name="testToString" classname="RationalTest" time="0.0"/>
  <testcase name="testCompare" classname="RationalTest" time="0.0"/>
  <testcase name="testDivision" classname="RationalTest" time="0.0"/>
  <testcase name="testEquals" classname="RationalTest" time="0.0"/>
  <testcase name="testMultiply" classname="RationalTest" time="0.0"/>
  <system-out><![CDATA[]]></system-out>
  <system-err><![CDATA[]]></system-err>
</testsuite>
